<?xml version="1.0" encoding="UTF-8"?>
<testng-results skipped="0" failed="0" ignored="0" total="1" passed="1">
  <reporter-output>
  </reporter-output>
  <suite name="userDetailsSF" duration-ms="36080" started-at="2020-05-24T12:51:27 IST" finished-at="2020-05-24T12:52:03 IST">
    <groups>
    </groups>
    <test name="bvtSuit" duration-ms="36080" started-at="2020-05-24T12:51:27 IST" finished-at="2020-05-24T12:52:03 IST">
      <class name="tests.LoginTest">
        <test-method status="PASS" signature="setUp()[pri:0, instance:tests.LoginTest@63753b6d]" name="setUp" is-config="true" duration-ms="29313" started-at="2020-05-24T12:51:27 IST" finished-at="2020-05-24T12:51:56 IST">
          <reporter-output>
          </reporter-output>
        </test-method> <!-- setUp -->
        <test-method status="PASS" signature="loginTest()[pri:0, instance:tests.LoginTest@63753b6d]" name="loginTest" duration-ms="4021" started-at="2020-05-24T12:51:56 IST" finished-at="2020-05-24T12:52:00 IST">
          <reporter-output>
          </reporter-output>
        </test-method> <!-- loginTest -->
        <test-method status="PASS" signature="postCondition()[pri:0, instance:tests.LoginTest@63753b6d]" name="postCondition" is-config="true" duration-ms="2665" started-at="2020-05-24T12:52:00 IST" finished-at="2020-05-24T12:52:03 IST">
          <reporter-output>
          </reporter-output>
        </test-method> <!-- postCondition -->
      </class> <!-- tests.LoginTest -->
    </test> <!-- bvtSuit -->
  </suite> <!-- userDetailsSF -->
</testng-results>
